[debug] [2018-11-30T07:32:05.090Z] ----------------------------------------------------------------------
[debug] [2018-11-30T07:32:05.092Z] Command:       /usr/local/bin/node /usr/local/bin/firebase serve --only functions
[debug] [2018-11-30T07:32:05.093Z] CLI Version:   6.1.1
[debug] [2018-11-30T07:32:05.093Z] Platform:      darwin
[debug] [2018-11-30T07:32:05.093Z] Node Version:  v11.0.0
[debug] [2018-11-30T07:32:05.094Z] Time:          Fri Nov 30 2018 07:32:05 GMT+0000 (Western European Standard Time)
[debug] [2018-11-30T07:32:05.094Z] ----------------------------------------------------------------------
[debug] 
[debug] [2018-11-30T07:32:05.103Z] > command requires scopes: ["email","openid","https://www.googleapis.com/auth/cloudplatformprojects.readonly","https://www.googleapis.com/auth/firebase","https://www.googleapis.com/auth/cloud-platform"]
[debug] [2018-11-30T07:32:05.103Z] > authorizing via signed-in user
[debug] [2018-11-30T07:32:05.104Z] [iam] checking project aumlettr-web for permissions ["firebase.projects.get"]
[debug] [2018-11-30T07:32:05.105Z] >>> HTTP REQUEST POST https://cloudresourcemanager.googleapis.com/v1/projects/aumlettr-web:testIamPermissions  

[debug] [2018-11-30T07:32:06.160Z] <<< HTTP RESPONSE 200
[debug] [2018-11-30T07:32:06.161Z] >>> HTTP REQUEST GET https://cloudresourcemanager.googleapis.com/v1/projects/aumlettr-web  
 
[debug] [2018-11-30T07:32:07.077Z] <<< HTTP RESPONSE 200
[info] 
[info] === Serving from '/Users/fvaco/workspace/PersonalProjects/slwly-webapp'...
[info] 
[info] i  functions: Preparing to emulate functions.
[debug] [2018-11-30T07:32:07.516Z] Fetching environment
[debug] [2018-11-30T07:32:07.517Z] >>> HTTP REQUEST GET https://mobilesdk-pa.googleapis.com/v1/projects/864105823567:getServerAppConfig  
 
[debug] [2018-11-30T07:32:07.815Z] <<< HTTP RESPONSE 200
[debug] [2018-11-30T07:32:07.815Z] Starting @google-cloud/functions-emulator
[debug] [2018-11-30T07:32:08.873Z] Parsing function triggers
[info] ✔  functions: api: http://localhost:5000/aumlettr-web/us-central1/api
