[debug] [2018-12-02T15:24:53.537Z] ----------------------------------------------------------------------
[debug] [2018-12-02T15:24:53.539Z] Command:       /usr/local/bin/node /usr/local/bin/firebase serve --only functions
[debug] [2018-12-02T15:24:53.539Z] CLI Version:   6.1.1
[debug] [2018-12-02T15:24:53.539Z] Platform:      darwin
[debug] [2018-12-02T15:24:53.539Z] Node Version:  v11.0.0
[debug] [2018-12-02T15:24:53.543Z] Time:          Sun Dec 02 2018 15:24:53 GMT+0000 (Western European Standard Time)
[debug] [2018-12-02T15:24:53.543Z] ----------------------------------------------------------------------
[debug] 
[debug] [2018-12-02T15:24:53.561Z] > command requires scopes: ["email","openid","https://www.googleapis.com/auth/cloudplatformprojects.readonly","https://www.googleapis.com/auth/firebase","https://www.googleapis.com/auth/cloud-platform"]
[debug] [2018-12-02T15:24:53.561Z] > authorizing via signed-in user
[debug] [2018-12-02T15:24:53.561Z] [iam] checking project aumlettr-web for permissions ["firebase.projects.get"]
[debug] [2018-12-02T15:24:53.563Z] > refreshing access token with scopes: ["email","https://www.googleapis.com/auth/cloud-platform","https://www.googleapis.com/auth/cloudplatformprojects.readonly","https://www.googleapis.com/auth/firebase","openid"]
[debug] [2018-12-02T15:24:53.563Z] >>> HTTP REQUEST POST https://www.googleapis.com/oauth2/v3/token  
 <request body omitted>
[debug] [2018-12-02T15:24:53.871Z] <<< HTTP RESPONSE 200
[debug] [2018-12-02T15:24:53.888Z] >>> HTTP REQUEST POST https://cloudresourcemanager.googleapis.com/v1/projects/aumlettr-web:testIamPermissions  

[debug] [2018-12-02T15:24:54.862Z] <<< HTTP RESPONSE 200
[debug] [2018-12-02T15:24:54.864Z] >>> HTTP REQUEST GET https://cloudresourcemanager.googleapis.com/v1/projects/aumlettr-web  
 
[debug] [2018-12-02T15:24:55.818Z] <<< HTTP RESPONSE 200
[info] 
[info] === Serving from '/Users/fvaco/workspace/PersonalProjects/slwly-webapp'...
[info] 
[info] i  functions: Preparing to emulate functions.
[debug] [2018-12-02T15:24:56.438Z] Fetching environment
[debug] [2018-12-02T15:24:56.440Z] >>> HTTP REQUEST GET https://mobilesdk-pa.googleapis.com/v1/projects/864105823567:getServerAppConfig  
 
[debug] [2018-12-02T15:24:56.844Z] <<< HTTP RESPONSE 200
[debug] [2018-12-02T15:24:56.845Z] Starting @google-cloud/functions-emulator
[debug] [2018-12-02T15:24:58.418Z] Parsing function triggers
[info] ✔  functions: api: http://localhost:5000/aumlettr-web/us-central1/api
